<?xml version="1.0" encoding="UTF-8"?>
<!-- Generated by org.testng.reporters.JUnitReportReporter -->
<testsuite skipped="0" hostname="LAPTOP-E4F8MHV0" name="automationTaskOulu.AmazonProductSearch.AppTest" tests="1" failures="0" timestamp="12 Feb 2020 22:42:30 GMT" time="0.048" errors="0">
  <testcase name="shouldAnswerWithTrue" time="0.048" classname="automationTaskOulu.AmazonProductSearch.AppTest"/>
</testsuite> <!-- automationTaskOulu.AmazonProductSearch.AppTest -->
